{"D:\\node\\Backend-aashish\\t2---backend-api-aashishtmg\\models\\registration_model.js": {"path":"D:\\node\\Backend-aashish\\t2---backend-api-aashishtmg\\models\\registration_model.js","statementMap":{"0":{"start":{"line":1,"column":17},"end":{"line":1,"column":36}},"1":{"start":{"line":3,"column":21},"end":{"line":35,"column":2}},"2":{"start":{"line":37,"column":0},"end":{"line":37,"column":28}}},"fnMap":{},"branchMap":{},"s":{"0":1,"1":1,"2":1},"f":{},"b":{},"_coverageSchema":"1a1c01bbd47fc00a2c39e90264f33305004495a9","hash":"d3679df33296e1d19df63175163c0dd6bba30882"}
,"D:\\node\\Backend-aashish\\t2---backend-api-aashishtmg\\routes\\registrstion_route.js": {"path":"D:\\node\\Backend-aashish\\t2---backend-api-aashishtmg\\routes\\registrstion_route.js","statementMap":{"0":{"start":{"line":1,"column":16},"end":{"line":1,"column":34}},"1":{"start":{"line":2,"column":21},"end":{"line":2,"column":60}},"2":{"start":{"line":3,"column":15},"end":{"line":3,"column":31}},"3":{"start":{"line":6,"column":32},"end":{"line":6,"column":60}},"4":{"start":{"line":8,"column":17},"end":{"line":8,"column":36}},"5":{"start":{"line":9,"column":12},"end":{"line":9,"column":35}},"6":{"start":{"line":13,"column":0},"end":{"line":60,"column":2}},"7":{"start":{"line":18,"column":26},"end":{"line":18,"column":47}},"8":{"start":{"line":22,"column":4},"end":{"line":59,"column":5}},"9":{"start":{"line":25,"column":18},"end":{"line":25,"column":32}},"10":{"start":{"line":26,"column":18},"end":{"line":26,"column":32}},"11":{"start":{"line":27,"column":21},"end":{"line":27,"column":38}},"12":{"start":{"line":28,"column":20},"end":{"line":28,"column":36}},"13":{"start":{"line":29,"column":18},"end":{"line":29,"column":32}},"14":{"start":{"line":30,"column":18},"end":{"line":30,"column":32}},"15":{"start":{"line":31,"column":21},"end":{"line":31,"column":38}},"16":{"start":{"line":32,"column":21},"end":{"line":32,"column":38}},"17":{"start":{"line":33,"column":8},"end":{"line":52,"column":10}},"18":{"start":{"line":34,"column":29},"end":{"line":43,"column":22}},"19":{"start":{"line":44,"column":20},"end":{"line":51,"column":22}},"20":{"start":{"line":46,"column":24},"end":{"line":47,"column":66}},"21":{"start":{"line":50,"column":24},"end":{"line":50,"column":60}},"22":{"start":{"line":58,"column":8},"end":{"line":58,"column":52}},"23":{"start":{"line":62,"column":0},"end":{"line":94,"column":2}},"24":{"start":{"line":63,"column":21},"end":{"line":63,"column":38}},"25":{"start":{"line":64,"column":21},"end":{"line":64,"column":38}},"26":{"start":{"line":65,"column":0},"end":{"line":65,"column":22}},"27":{"start":{"line":67,"column":4},"end":{"line":93,"column":6}},"28":{"start":{"line":69,"column":8},"end":{"line":72,"column":9}},"29":{"start":{"line":71,"column":10},"end":{"line":71,"column":66}},"30":{"start":{"line":74,"column":8},"end":{"line":89,"column":10}},"31":{"start":{"line":76,"column":12},"end":{"line":78,"column":13}},"32":{"start":{"line":77,"column":16},"end":{"line":77,"column":71}},"33":{"start":{"line":83,"column":26},"end":{"line":83,"column":79}},"34":{"start":{"line":84,"column":12},"end":{"line":88,"column":14}},"35":{"start":{"line":92,"column":8},"end":{"line":92,"column":40}},"36":{"start":{"line":96,"column":0},"end":{"line":96,"column":22}}},"fnMap":{"0":{"name":"(anonymous_0)","decl":{"start":{"line":17,"column":3},"end":{"line":17,"column":4}},"loc":{"start":{"line":17,"column":20},"end":{"line":60,"column":1}},"line":17},"1":{"name":"(anonymous_1)","decl":{"start":{"line":33,"column":34},"end":{"line":33,"column":35}},"loc":{"start":{"line":33,"column":56},"end":{"line":52,"column":9}},"line":33},"2":{"name":"(anonymous_2)","decl":{"start":{"line":45,"column":26},"end":{"line":45,"column":27}},"loc":{"start":{"line":45,"column":42},"end":{"line":48,"column":21}},"line":45},"3":{"name":"(anonymous_3)","decl":{"start":{"line":49,"column":27},"end":{"line":49,"column":28}},"loc":{"start":{"line":49,"column":41},"end":{"line":51,"column":21}},"line":49},"4":{"name":"(anonymous_4)","decl":{"start":{"line":62,"column":38},"end":{"line":62,"column":39}},"loc":{"start":{"line":62,"column":55},"end":{"line":94,"column":1}},"line":62},"5":{"name":"(anonymous_5)","decl":{"start":{"line":68,"column":10},"end":{"line":68,"column":11}},"loc":{"start":{"line":68,"column":28},"end":{"line":90,"column":5}},"line":68},"6":{"name":"(anonymous_6)","decl":{"start":{"line":74,"column":52},"end":{"line":74,"column":53}},"loc":{"start":{"line":74,"column":70},"end":{"line":89,"column":9}},"line":74},"7":{"name":"(anonymous_7)","decl":{"start":{"line":91,"column":11},"end":{"line":91,"column":12}},"loc":{"start":{"line":91,"column":22},"end":{"line":93,"column":5}},"line":91}},"branchMap":{"0":{"loc":{"start":{"line":22,"column":4},"end":{"line":59,"column":5}},"type":"if","locations":[{"start":{"line":22,"column":4},"end":{"line":59,"column":5}},{"start":{"line":22,"column":4},"end":{"line":59,"column":5}}],"line":22},"1":{"loc":{"start":{"line":69,"column":8},"end":{"line":72,"column":9}},"type":"if","locations":[{"start":{"line":69,"column":8},"end":{"line":72,"column":9}},{"start":{"line":69,"column":8},"end":{"line":72,"column":9}}],"line":69},"2":{"loc":{"start":{"line":76,"column":12},"end":{"line":78,"column":13}},"type":"if","locations":[{"start":{"line":76,"column":12},"end":{"line":78,"column":13}},{"start":{"line":76,"column":12},"end":{"line":78,"column":13}}],"line":76}},"s":{"0":1,"1":1,"2":1,"3":1,"4":1,"5":1,"6":1,"7":2,"8":2,"9":1,"10":1,"11":1,"12":1,"13":1,"14":1,"15":1,"16":1,"17":1,"18":1,"19":1,"20":1,"21":0,"22":1,"23":1,"24":1,"25":1,"26":1,"27":1,"28":1,"29":0,"30":1,"31":1,"32":0,"33":1,"34":1,"35":0,"36":1},"f":{"0":2,"1":1,"2":1,"3":0,"4":1,"5":1,"6":1,"7":0},"b":{"0":[1,1],"1":[0,1],"2":[0,1]},"_coverageSchema":"1a1c01bbd47fc00a2c39e90264f33305004495a9","hash":"a704d83a893de56c386c7a4bf617eb31fa9c9195"}
,"D:\\node\\Backend-aashish\\t2---backend-api-aashishtmg\\testing\\setup.js": {"path":"D:\\node\\Backend-aashish\\t2---backend-api-aashishtmg\\testing\\setup.js","statementMap":{"0":{"start":{"line":1,"column":16},"end":{"line":1,"column":35}},"1":{"start":{"line":3,"column":0},"end":{"line":15,"column":2}},"2":{"start":{"line":4,"column":4},"end":{"line":14,"column":6}},"3":{"start":{"line":9,"column":8},"end":{"line":9,"column":37}},"4":{"start":{"line":10,"column":8},"end":{"line":10,"column":15}},"5":{"start":{"line":12,"column":8},"end":{"line":12,"column":27}},"6":{"start":{"line":13,"column":8},"end":{"line":13,"column":24}},"7":{"start":{"line":17,"column":0},"end":{"line":22,"column":2}},"8":{"start":{"line":18,"column":4},"end":{"line":21,"column":7}},"9":{"start":{"line":19,"column":8},"end":{"line":19,"column":41}},"10":{"start":{"line":20,"column":8},"end":{"line":20,"column":15}}},"fnMap":{"0":{"name":"(anonymous_0)","decl":{"start":{"line":3,"column":10},"end":{"line":3,"column":11}},"loc":{"start":{"line":3,"column":20},"end":{"line":15,"column":1}},"line":3},"1":{"name":"(anonymous_1)","decl":{"start":{"line":8,"column":12},"end":{"line":8,"column":13}},"loc":{"start":{"line":8,"column":20},"end":{"line":11,"column":5}},"line":8},"2":{"name":"(anonymous_2)","decl":{"start":{"line":11,"column":13},"end":{"line":11,"column":14}},"loc":{"start":{"line":11,"column":22},"end":{"line":14,"column":5}},"line":11},"3":{"name":"(anonymous_3)","decl":{"start":{"line":17,"column":9},"end":{"line":17,"column":10}},"loc":{"start":{"line":17,"column":19},"end":{"line":22,"column":1}},"line":17},"4":{"name":"(anonymous_4)","decl":{"start":{"line":18,"column":31},"end":{"line":18,"column":32}},"loc":{"start":{"line":18,"column":37},"end":{"line":21,"column":5}},"line":18}},"branchMap":{},"s":{"0":1,"1":1,"2":1,"3":1,"4":1,"5":0,"6":0,"7":1,"8":1,"9":1,"10":1},"f":{"0":1,"1":1,"2":0,"3":1,"4":1},"b":{},"_coverageSchema":"1a1c01bbd47fc00a2c39e90264f33305004495a9","hash":"e4f2ef16d7c58d7d13baef1ffc60b8adfd7b1b90"}
}
